Change Physical Footprint: Designator=BT1 Old Footprint=CON CR2032 New Footprint=CON CR2032
Change Physical Footprint: Designator=BUZZER Old Footprint=BUZZER New Footprint=BUZZER
Change Physical Footprint: Designator=C0 Old Footprint=C 0805 (2012) New Footprint=C 0805 (2012)
Change Physical Footprint: Designator=C1 Old Footprint=C 0805 (2012) New Footprint=C 0805 (2012)
Change Physical Footprint: Designator=C2 Old Footprint=C 0805 (2012) New Footprint=C 0805 (2012)
Change Physical Footprint: Designator=C3 Old Footprint=C 0805 (2012) New Footprint=C 0805 (2012)
Change Physical Footprint: Designator=D2 Old Footprint=SOD-80 New Footprint=SOD-80
Change Physical Footprint: Designator=LCD Old Footprint=LCD 16x2 New Footprint=LCD 16x2
Change Physical Footprint: Designator=LED6 Old Footprint=Led SMD 0805 New Footprint=Led SMD 0805
Change Physical Footprint: Designator=P1 Old Footprint=XH2.54-3P New Footprint=XH2.54-3P
Change Physical Footprint: Designator=Q0 Old Footprint=SOT-23 New Footprint=SOT-23
Change Physical Footprint: Designator=Q1 Old Footprint=SOT-23 New Footprint=SOT-23
Change Physical Footprint: Designator=R0 Old Footprint=R 0805 (2012) New Footprint=R 0805 (2012)
Change Physical Footprint: Designator=R1 Old Footprint=R 0805 (2012) New Footprint=R 0805 (2012)
Change Physical Footprint: Designator=R2 Old Footprint=R 0805 (2012) New Footprint=R 0805 (2012)
Change Physical Footprint: Designator=R3 Old Footprint=R 0805 (2012) New Footprint=R 0805 (2012)
Change Physical Footprint: Designator=R4 Old Footprint=R 0805 (2012) New Footprint=R 0805 (2012)
Change Physical Footprint: Designator=R5 Old Footprint=R 0805 (2012) New Footprint=R 0805 (2012)
Change Physical Footprint: Designator=R7 Old Footprint=R 0805 (2012) New Footprint=R 0805 (2012)
Change Physical Footprint: Designator=R8 Old Footprint=R 0805 (2012) New Footprint=R 0805 (2012)
Change Physical Footprint: Designator=R9 Old Footprint=R 0805 (2012) New Footprint=R 0805 (2012)
Change Physical Footprint: Designator=R10 Old Footprint=R 0805 (2012) New Footprint=R 0805 (2012)
Change Physical Footprint: Designator=R11 Old Footprint=R 0805 (2012) New Footprint=R 0805 (2012)
Change Physical Footprint: Designator=R12 Old Footprint=R 0805 (2012) New Footprint=R 0805 (2012)
Change Physical Footprint: Designator=R13 Old Footprint=R 0805 (2012) New Footprint=R 0805 (2012)
Change Physical Footprint: Designator=R14 Old Footprint=R 0805 (2012) New Footprint=R 0805 (2012)
Change Physical Footprint: Designator=SW0 Old Footprint=SW/4/DIP 12x12x7 New Footprint=SW/4/DIP 12x12x7
Change Physical Footprint: Designator=SW1 Old Footprint=SW/4/DIP 12x12x7 New Footprint=SW/4/DIP 12x12x7
Change Physical Footprint: Designator=SW2 Old Footprint=SW/4/DIP 12x12x7 New Footprint=SW/4/DIP 12x12x7
Change Physical Footprint: Designator=U1 Old Footprint=Arduino Uno R3 Shield 2xPins New Footprint=Arduino Uno R3 Shield 2xPins
Change Physical Footprint: Designator=U2 Old Footprint=DIP 8 New Footprint=DIP 8
Change Physical Footprint: Designator=U3 Old Footprint=SOIC-16 New Footprint=SOIC-16
Change Physical Footprint: Designator=VR1 Old Footprint=R Var 3mm New Footprint=R Var 3mm
Change Physical Footprint: Designator=Y1 Old Footprint=Crystal HC49US SMD New Footprint=Crystal HC49US SMD
