Added Component: Designator=BT1(CON CR2032)
Added Component: Designator=BUZZER(BUZZER)
Added Component: Designator=C0(C 0805 (2012))
Added Component: Designator=C1(C 0805 (2012))
Added Component: Designator=C2(C 0805 (2012))
Added Component: Designator=C3(C 0805 (2012))
Added Component: Designator=D2(SOD-80)
Add component (AddParameter): Name = "Code_JEDEC"; Value = "DO-214-AB"; VariantName = "[No Variations]"
Add component (AddParameter): Name = "LatestRevisionDate"; Value = "17-Jul-2002"; VariantName = "[No Variations]"
Add component (AddParameter): Name = "LatestRevisionNote"; Value = "Re-released for DXP Platform."; VariantName = "[No Variations]"
Add component (AddParameter): Name = "PackageReference"; Value = "SMC"; VariantName = "[No Variations]"
Add component (AddParameter): Name = "PackageVersion"; Value = "Sep-1996"; VariantName = "[No Variations]"
Add component (AddParameter): Name = "Published"; Value = "8-Jun-2000"; VariantName = "[No Variations]"
Add component (AddParameter): Name = "Publisher"; Value = "Altium Limited"; VariantName = "[No Variations]"
Added Component: Designator=LCD(LCD 16x2)
Added Component: Designator=LED6(Led SMD 0805)
Added Component: Designator=P1(XH2.54-3P)
Added Component: Designator=Q0(SOT-23)
Added Component: Designator=Q1(SOT-23)
Added Component: Designator=R0(R 0805 (2012))
Add component (AddParameter): Name = "LatestRevisionDate"; Value = "17-Jul-2002"; VariantName = "[No Variations]"
Add component (AddParameter): Name = "LatestRevisionNote"; Value = "Re-released for DXP Platform."; VariantName = "[No Variations]"
Add component (AddParameter): Name = "PackageReference"; Value = "AXIAL-0.3"; VariantName = "[No Variations]"
Add component (AddParameter): Name = "Published"; Value = "8-Jun-2000"; VariantName = "[No Variations]"
Add component (AddParameter): Name = "Publisher"; Value = "Altium Limited"; VariantName = "[No Variations]"
Added Component: Designator=R1(R 0805 (2012))
Add component (AddParameter): Name = "LatestRevisionDate"; Value = "17-Jul-2002"; VariantName = "[No Variations]"
Add component (AddParameter): Name = "LatestRevisionNote"; Value = "Re-released for DXP Platform."; VariantName = "[No Variations]"
Add component (AddParameter): Name = "PackageReference"; Value = "AXIAL-0.3"; VariantName = "[No Variations]"
Add component (AddParameter): Name = "Published"; Value = "8-Jun-2000"; VariantName = "[No Variations]"
Add component (AddParameter): Name = "Publisher"; Value = "Altium Limited"; VariantName = "[No Variations]"
Added Component: Designator=R2(R 0805 (2012))
Add component (AddParameter): Name = "LatestRevisionDate"; Value = "17-Jul-2002"; VariantName = "[No Variations]"
Add component (AddParameter): Name = "LatestRevisionNote"; Value = "Re-released for DXP Platform."; VariantName = "[No Variations]"
Add component (AddParameter): Name = "PackageReference"; Value = "AXIAL-0.3"; VariantName = "[No Variations]"
Add component (AddParameter): Name = "Published"; Value = "8-Jun-2000"; VariantName = "[No Variations]"
Add component (AddParameter): Name = "Publisher"; Value = "Altium Limited"; VariantName = "[No Variations]"
Added Component: Designator=R3(R 0805 (2012))
Add component (AddParameter): Name = "LatestRevisionDate"; Value = "17-Jul-2002"; VariantName = "[No Variations]"
Add component (AddParameter): Name = "LatestRevisionNote"; Value = "Re-released for DXP Platform."; VariantName = "[No Variations]"
Add component (AddParameter): Name = "PackageReference"; Value = "AXIAL-0.3"; VariantName = "[No Variations]"
Add component (AddParameter): Name = "Published"; Value = "8-Jun-2000"; VariantName = "[No Variations]"
Add component (AddParameter): Name = "Publisher"; Value = "Altium Limited"; VariantName = "[No Variations]"
Added Component: Designator=R4(R 0805 (2012))
Add component (AddParameter): Name = "LatestRevisionDate"; Value = "17-Jul-2002"; VariantName = "[No Variations]"
Add component (AddParameter): Name = "LatestRevisionNote"; Value = "Re-released for DXP Platform."; VariantName = "[No Variations]"
Add component (AddParameter): Name = "PackageReference"; Value = "AXIAL-0.3"; VariantName = "[No Variations]"
Add component (AddParameter): Name = "Published"; Value = "8-Jun-2000"; VariantName = "[No Variations]"
Add component (AddParameter): Name = "Publisher"; Value = "Altium Limited"; VariantName = "[No Variations]"
Added Component: Designator=R5(R 0805 (2012))
Add component (AddParameter): Name = "LatestRevisionDate"; Value = "17-Jul-2002"; VariantName = "[No Variations]"
Add component (AddParameter): Name = "LatestRevisionNote"; Value = "Re-released for DXP Platform."; VariantName = "[No Variations]"
Add component (AddParameter): Name = "PackageReference"; Value = "AXIAL-0.3"; VariantName = "[No Variations]"
Add component (AddParameter): Name = "Published"; Value = "8-Jun-2000"; VariantName = "[No Variations]"
Add component (AddParameter): Name = "Publisher"; Value = "Altium Limited"; VariantName = "[No Variations]"
Added Component: Designator=R7(R 0805 (2012))
Add component (AddParameter): Name = "LatestRevisionDate"; Value = "17-Jul-2002"; VariantName = "[No Variations]"
Add component (AddParameter): Name = "LatestRevisionNote"; Value = "Re-released for DXP Platform."; VariantName = "[No Variations]"
Add component (AddParameter): Name = "PackageReference"; Value = "AXIAL-0.3"; VariantName = "[No Variations]"
Add component (AddParameter): Name = "Published"; Value = "8-Jun-2000"; VariantName = "[No Variations]"
Add component (AddParameter): Name = "Publisher"; Value = "Altium Limited"; VariantName = "[No Variations]"
Added Component: Designator=R8(R 0805 (2012))
Add component (AddParameter): Name = "LatestRevisionDate"; Value = "17-Jul-2002"; VariantName = "[No Variations]"
Add component (AddParameter): Name = "LatestRevisionNote"; Value = "Re-released for DXP Platform."; VariantName = "[No Variations]"
Add component (AddParameter): Name = "PackageReference"; Value = "AXIAL-0.3"; VariantName = "[No Variations]"
Add component (AddParameter): Name = "Published"; Value = "8-Jun-2000"; VariantName = "[No Variations]"
Add component (AddParameter): Name = "Publisher"; Value = "Altium Limited"; VariantName = "[No Variations]"
Added Component: Designator=R9(R 0805 (2012))
Add component (AddParameter): Name = "LatestRevisionDate"; Value = "17-Jul-2002"; VariantName = "[No Variations]"
Add component (AddParameter): Name = "LatestRevisionNote"; Value = "Re-released for DXP Platform."; VariantName = "[No Variations]"
Add component (AddParameter): Name = "PackageReference"; Value = "AXIAL-0.3"; VariantName = "[No Variations]"
Add component (AddParameter): Name = "Published"; Value = "8-Jun-2000"; VariantName = "[No Variations]"
Add component (AddParameter): Name = "Publisher"; Value = "Altium Limited"; VariantName = "[No Variations]"
Added Component: Designator=R10(R 0805 (2012))
Add component (AddParameter): Name = "LatestRevisionDate"; Value = "17-Jul-2002"; VariantName = "[No Variations]"
Add component (AddParameter): Name = "LatestRevisionNote"; Value = "Re-released for DXP Platform."; VariantName = "[No Variations]"
Add component (AddParameter): Name = "PackageReference"; Value = "AXIAL-0.3"; VariantName = "[No Variations]"
Add component (AddParameter): Name = "Published"; Value = "8-Jun-2000"; VariantName = "[No Variations]"
Add component (AddParameter): Name = "Publisher"; Value = "Altium Limited"; VariantName = "[No Variations]"
Added Component: Designator=R11(R 0805 (2012))
Add component (AddParameter): Name = "LatestRevisionDate"; Value = "17-Jul-2002"; VariantName = "[No Variations]"
Add component (AddParameter): Name = "LatestRevisionNote"; Value = "Re-released for DXP Platform."; VariantName = "[No Variations]"
Add component (AddParameter): Name = "PackageReference"; Value = "AXIAL-0.3"; VariantName = "[No Variations]"
Add component (AddParameter): Name = "Published"; Value = "8-Jun-2000"; VariantName = "[No Variations]"
Add component (AddParameter): Name = "Publisher"; Value = "Altium Limited"; VariantName = "[No Variations]"
Added Component: Designator=R12(R 0805 (2012))
Add component (AddParameter): Name = "LatestRevisionDate"; Value = "17-Jul-2002"; VariantName = "[No Variations]"
Add component (AddParameter): Name = "LatestRevisionNote"; Value = "Re-released for DXP Platform."; VariantName = "[No Variations]"
Add component (AddParameter): Name = "PackageReference"; Value = "AXIAL-0.3"; VariantName = "[No Variations]"
Add component (AddParameter): Name = "Published"; Value = "8-Jun-2000"; VariantName = "[No Variations]"
Add component (AddParameter): Name = "Publisher"; Value = "Altium Limited"; VariantName = "[No Variations]"
Added Component: Designator=R13(R 0805 (2012))
Add component (AddParameter): Name = "LatestRevisionDate"; Value = "17-Jul-2002"; VariantName = "[No Variations]"
Add component (AddParameter): Name = "LatestRevisionNote"; Value = "Re-released for DXP Platform."; VariantName = "[No Variations]"
Add component (AddParameter): Name = "PackageReference"; Value = "AXIAL-0.3"; VariantName = "[No Variations]"
Add component (AddParameter): Name = "Published"; Value = "8-Jun-2000"; VariantName = "[No Variations]"
Add component (AddParameter): Name = "Publisher"; Value = "Altium Limited"; VariantName = "[No Variations]"
Added Component: Designator=R14(R 0805 (2012))
Add component (AddParameter): Name = "LatestRevisionDate"; Value = "17-Jul-2002"; VariantName = "[No Variations]"
Add component (AddParameter): Name = "LatestRevisionNote"; Value = "Re-released for DXP Platform."; VariantName = "[No Variations]"
Add component (AddParameter): Name = "PackageReference"; Value = "AXIAL-0.3"; VariantName = "[No Variations]"
Add component (AddParameter): Name = "Published"; Value = "8-Jun-2000"; VariantName = "[No Variations]"
Add component (AddParameter): Name = "Publisher"; Value = "Altium Limited"; VariantName = "[No Variations]"
Added Component: Designator=SW0(SW/4/DIP 12x12x7)
Added Component: Designator=SW1(SW/4/DIP 12x12x7)
Added Component: Designator=SW2(SW/4/DIP 12x12x7)
Added Component: Designator=U1(Arduino Uno R3 Shield 2xPins)
Added Component: Designator=U2(DIP 8)
Added Component: Designator=U3(SOIC-16)
Added Component: Designator=VR1(R Var 3mm)
Add component (AddParameter): Name = "BRAND"; Value = ""; VariantName = "[No Variations]"
Add component (AddParameter): Name = "PACKAGE"; Value = ""; VariantName = "[No Variations]"
Add component (AddParameter): Name = "PART NO"; Value = ""; VariantName = "[No Variations]"
Add component (AddParameter): Name = "STOCK CODE"; Value = ""; VariantName = "[No Variations]"
Add component (AddParameter): Name = "SUPPLIER"; Value = ""; VariantName = "[No Variations]"
Add component (AddParameter): Name = "TYPE"; Value = ""; VariantName = "[No Variations]"
Added Component: Designator=Y1(Crystal HC49US SMD)
Added Pin To Net: NetName=+5 Pin=C3-2
Added Pin To Net: NetName=+5 Pin=LCD-2
Added Pin To Net: NetName=+5 Pin=R4-2
Added Pin To Net: NetName=+5 Pin=R5-2
Added Pin To Net: NetName=+5 Pin=R7-2
Added Pin To Net: NetName=+5 Pin=R8-2
Added Pin To Net: NetName=+5 Pin=R9-2
Added Pin To Net: NetName=+5 Pin=R10-2
Added Pin To Net: NetName=+5 Pin=R11-2
Added Pin To Net: NetName=+5 Pin=R12-2
Added Pin To Net: NetName=+5 Pin=R13-2
Added Pin To Net: NetName=+5 Pin=U1-3
Added Pin To Net: NetName=+5 Pin=U2-8
Added Pin To Net: NetName=+5 Pin=U3-16
Added Pin To Net: NetName=+5 Pin=VR1-1
Added Net: Name=+5
Added Pin To Net: NetName=3V3 Pin=BUZZER-1
Added Pin To Net: NetName=3V3 Pin=D2-1
Added Pin To Net: NetName=3V3 Pin=P1-1
Added Pin To Net: NetName=3V3 Pin=R0-2
Added Pin To Net: NetName=3V3 Pin=R1-2
Added Pin To Net: NetName=3V3 Pin=R2-2
Added Pin To Net: NetName=3V3 Pin=R14-1
Added Pin To Net: NetName=3V3 Pin=U1-2
Added Net: Name=3V3
Added Pin To Net: NetName=BUTTON 0 Pin=C0-1
Added Pin To Net: NetName=BUTTON 0 Pin=R0-1
Added Pin To Net: NetName=BUTTON 0 Pin=SW0-1
Added Pin To Net: NetName=BUTTON 0 Pin=SW0-4
Added Pin To Net: NetName=BUTTON 0 Pin=U1-13
Added Net: Name=BUTTON 0
Added Pin To Net: NetName=BUTTON 1 Pin=C1-1
Added Pin To Net: NetName=BUTTON 1 Pin=R1-1
Added Pin To Net: NetName=BUTTON 1 Pin=SW1-1
Added Pin To Net: NetName=BUTTON 1 Pin=SW1-4
Added Pin To Net: NetName=BUTTON 1 Pin=U1-14
Added Net: Name=BUTTON 1
Added Pin To Net: NetName=BUTTON 2 Pin=C2-1
Added Pin To Net: NetName=BUTTON 2 Pin=R2-1
Added Pin To Net: NetName=BUTTON 2 Pin=SW2-1
Added Pin To Net: NetName=BUTTON 2 Pin=SW2-4
Added Pin To Net: NetName=BUTTON 2 Pin=U1-15
Added Net: Name=BUTTON 2
Added Pin To Net: NetName=BUZZER Pin=R3-1
Added Pin To Net: NetName=BUZZER Pin=U1-25
Added Net: Name=BUZZER
Added Pin To Net: NetName=DHT_INPUT Pin=P1-2
Added Pin To Net: NetName=DHT_INPUT Pin=R14-2
Added Pin To Net: NetName=DHT_INPUT Pin=U1-17
Added Net: Name=DHT_INPUT
Added Pin To Net: NetName=GND Pin=BT1-2
Added Pin To Net: NetName=GND Pin=C0-2
Added Pin To Net: NetName=GND Pin=C1-2
Added Pin To Net: NetName=GND Pin=C2-2
Added Pin To Net: NetName=GND Pin=C3-1
Added Pin To Net: NetName=GND Pin=LCD-1
Added Pin To Net: NetName=GND Pin=LCD-16
Added Pin To Net: NetName=GND Pin=LED6-1
Added Pin To Net: NetName=GND Pin=P1-3
Added Pin To Net: NetName=GND Pin=Q0-2
Added Pin To Net: NetName=GND Pin=Q1-2
Added Pin To Net: NetName=GND Pin=SW0-2
Added Pin To Net: NetName=GND Pin=SW0-3
Added Pin To Net: NetName=GND Pin=SW1-2
Added Pin To Net: NetName=GND Pin=SW1-3
Added Pin To Net: NetName=GND Pin=SW2-2
Added Pin To Net: NetName=GND Pin=SW2-3
Added Pin To Net: NetName=GND Pin=U1-4
Added Pin To Net: NetName=GND Pin=U1-5
Added Pin To Net: NetName=GND Pin=U1-27
Added Pin To Net: NetName=GND Pin=U2-4
Added Pin To Net: NetName=GND Pin=U3-8
Added Pin To Net: NetName=GND Pin=VR1-3
Added Net: Name=GND
Added Pin To Net: NetName=NetBT1_1 Pin=BT1-1
Added Pin To Net: NetName=NetBT1_1 Pin=U2-3
Added Net: Name=NetBT1_1
Added Pin To Net: NetName=NetBUZZER_2 Pin=BUZZER-2
Added Pin To Net: NetName=NetBUZZER_2 Pin=D2-2
Added Pin To Net: NetName=NetBUZZER_2 Pin=Q0-3
Added Net: Name=NetBUZZER_2
Added Pin To Net: NetName=NetLCD_3 Pin=LCD-3
Added Pin To Net: NetName=NetLCD_3 Pin=VR1-2
Added Net: Name=NetLCD_3
Added Pin To Net: NetName=NetLCD_4 Pin=LCD-4
Added Pin To Net: NetName=NetLCD_4 Pin=U3-4
Added Net: Name=NetLCD_4
Added Pin To Net: NetName=NetLCD_5 Pin=LCD-5
Added Pin To Net: NetName=NetLCD_5 Pin=U3-5
Added Net: Name=NetLCD_5
Added Pin To Net: NetName=NetLCD_6 Pin=LCD-6
Added Pin To Net: NetName=NetLCD_6 Pin=U3-6
Added Net: Name=NetLCD_6
Added Pin To Net: NetName=NetLCD_11 Pin=LCD-11
Added Pin To Net: NetName=NetLCD_11 Pin=U3-9
Added Net: Name=NetLCD_11
Added Pin To Net: NetName=NetLCD_12 Pin=LCD-12
Added Pin To Net: NetName=NetLCD_12 Pin=U3-10
Added Net: Name=NetLCD_12
Added Pin To Net: NetName=NetLCD_13 Pin=LCD-13
Added Pin To Net: NetName=NetLCD_13 Pin=U3-11
Added Net: Name=NetLCD_13
Added Pin To Net: NetName=NetLCD_14 Pin=LCD-14
Added Pin To Net: NetName=NetLCD_14 Pin=U3-12
Added Net: Name=NetLCD_14
Added Pin To Net: NetName=NetLCD_15 Pin=LCD-15
Added Pin To Net: NetName=NetLCD_15 Pin=Q1-3
Added Net: Name=NetLCD_15
Added Pin To Net: NetName=NetLED6_2 Pin=LED6-2
Added Pin To Net: NetName=NetLED6_2 Pin=R4-1
Added Net: Name=NetLED6_2
Added Pin To Net: NetName=NetQ0_1 Pin=Q0-1
Added Pin To Net: NetName=NetQ0_1 Pin=R3-2
Added Net: Name=NetQ0_1
Added Pin To Net: NetName=NetQ1_1 Pin=Q1-1
Added Pin To Net: NetName=NetQ1_1 Pin=R9-1
Added Pin To Net: NetName=NetQ1_1 Pin=U3-7
Added Net: Name=NetQ1_1
Added Pin To Net: NetName=NetR5_1 Pin=R5-1
Added Pin To Net: NetName=NetR5_1 Pin=U3-3
Added Net: Name=NetR5_1
Added Pin To Net: NetName=NetR7_1 Pin=R7-1
Added Pin To Net: NetName=NetR7_1 Pin=U3-2
Added Net: Name=NetR7_1
Added Pin To Net: NetName=NetR8_1 Pin=R8-1
Added Pin To Net: NetName=NetR8_1 Pin=U3-1
Added Net: Name=NetR8_1
Added Pin To Net: NetName=NetU2_1 Pin=U2-1
Added Pin To Net: NetName=NetU2_1 Pin=Y1-2
Added Net: Name=NetU2_1
Added Pin To Net: NetName=NetU2_2 Pin=U2-2
Added Pin To Net: NetName=NetU2_2 Pin=Y1-1
Added Net: Name=NetU2_2
Added Pin To Net: NetName=SCL Pin=R11-1
Added Pin To Net: NetName=SCL Pin=R12-1
Added Pin To Net: NetName=SCL Pin=U1-30
Added Pin To Net: NetName=SCL Pin=U2-6
Added Pin To Net: NetName=SCL Pin=U3-14
Added Net: Name=SCL
Added Pin To Net: NetName=SDA Pin=R10-1
Added Pin To Net: NetName=SDA Pin=R13-1
Added Pin To Net: NetName=SDA Pin=U1-29
Added Pin To Net: NetName=SDA Pin=U2-5
Added Pin To Net: NetName=SDA Pin=U3-15
Added Net: Name=SDA
Added Class: Name=Sheet1
Added Room: Name=Sheet1
