Added Component: Designator=BT?(CON CR1220)
Added Component: Designator=BUZZER(Buzzer SMD)
Added Component: Designator=C0(C 0805 (2012))
Added Component: Designator=C2(C 0805 (2012))
Added Component: Designator=C?(C 0805 (2012))
Added Component: Designator=C`(C 0805 (2012))
Added Component: Designator=D2(DO-214AB (SMC))
Add component (AddParameter): Name = "Code_JEDEC"; Value = "DO-214-AB"; VariantName = "[No Variations]"
Add component (AddParameter): Name = "LatestRevisionDate"; Value = "17-Jul-2002"; VariantName = "[No Variations]"
Add component (AddParameter): Name = "LatestRevisionNote"; Value = "Re-released for DXP Platform."; VariantName = "[No Variations]"
Add component (AddParameter): Name = "PackageReference"; Value = "SMC"; VariantName = "[No Variations]"
Add component (AddParameter): Name = "PackageVersion"; Value = "Sep-1996"; VariantName = "[No Variations]"
Add component (AddParameter): Name = "Published"; Value = "8-Jun-2000"; VariantName = "[No Variations]"
Add component (AddParameter): Name = "Publisher"; Value = "Altium Limited"; VariantName = "[No Variations]"
Added Component: Designator=LCD(LCD 16x2)
Added Component: Designator=LED6(Led SMD 0805)
Added Component: Designator=Q0(SOT-23)
Added Component: Designator=Q?(SOT-23)
Added Component: Designator=R0(R 0805 (2012))
Add component (AddParameter): Name = "LatestRevisionDate"; Value = "17-Jul-2002"; VariantName = "[No Variations]"
Add component (AddParameter): Name = "LatestRevisionNote"; Value = "Re-released for DXP Platform."; VariantName = "[No Variations]"
Add component (AddParameter): Name = "PackageReference"; Value = "AXIAL-0.3"; VariantName = "[No Variations]"
Add component (AddParameter): Name = "Published"; Value = "8-Jun-2000"; VariantName = "[No Variations]"
Add component (AddParameter): Name = "Publisher"; Value = "Altium Limited"; VariantName = "[No Variations]"
Added Component: Designator=R1(R 0805 (2012))
Add component (AddParameter): Name = "LatestRevisionDate"; Value = "17-Jul-2002"; VariantName = "[No Variations]"
Add component (AddParameter): Name = "LatestRevisionNote"; Value = "Re-released for DXP Platform."; VariantName = "[No Variations]"
Add component (AddParameter): Name = "PackageReference"; Value = "AXIAL-0.3"; VariantName = "[No Variations]"
Add component (AddParameter): Name = "Published"; Value = "8-Jun-2000"; VariantName = "[No Variations]"
Add component (AddParameter): Name = "Publisher"; Value = "Altium Limited"; VariantName = "[No Variations]"
Added Component: Designator=R2(R 0805 (2012))
Add component (AddParameter): Name = "LatestRevisionDate"; Value = "17-Jul-2002"; VariantName = "[No Variations]"
Add component (AddParameter): Name = "LatestRevisionNote"; Value = "Re-released for DXP Platform."; VariantName = "[No Variations]"
Add component (AddParameter): Name = "PackageReference"; Value = "AXIAL-0.3"; VariantName = "[No Variations]"
Add component (AddParameter): Name = "Published"; Value = "8-Jun-2000"; VariantName = "[No Variations]"
Add component (AddParameter): Name = "Publisher"; Value = "Altium Limited"; VariantName = "[No Variations]"
Added Component: Designator=R3(R 0805 (2012))
Add component (AddParameter): Name = "LatestRevisionDate"; Value = "17-Jul-2002"; VariantName = "[No Variations]"
Add component (AddParameter): Name = "LatestRevisionNote"; Value = "Re-released for DXP Platform."; VariantName = "[No Variations]"
Add component (AddParameter): Name = "PackageReference"; Value = "AXIAL-0.3"; VariantName = "[No Variations]"
Add component (AddParameter): Name = "Published"; Value = "8-Jun-2000"; VariantName = "[No Variations]"
Add component (AddParameter): Name = "Publisher"; Value = "Altium Limited"; VariantName = "[No Variations]"
Added Component: Designator=R14(R 0805 (2012))
Add component (AddParameter): Name = "LatestRevisionDate"; Value = "17-Jul-2002"; VariantName = "[No Variations]"
Add component (AddParameter): Name = "LatestRevisionNote"; Value = "Re-released for DXP Platform."; VariantName = "[No Variations]"
Add component (AddParameter): Name = "PackageReference"; Value = "AXIAL-0.3"; VariantName = "[No Variations]"
Add component (AddParameter): Name = "Published"; Value = "8-Jun-2000"; VariantName = "[No Variations]"
Add component (AddParameter): Name = "Publisher"; Value = "Altium Limited"; VariantName = "[No Variations]"
Added Component: Designator=R15(R 0805 (2012))
Add component (AddParameter): Name = "LatestRevisionDate"; Value = "17-Jul-2002"; VariantName = "[No Variations]"
Add component (AddParameter): Name = "LatestRevisionNote"; Value = "Re-released for DXP Platform."; VariantName = "[No Variations]"
Add component (AddParameter): Name = "PackageReference"; Value = "AXIAL-0.3"; VariantName = "[No Variations]"
Add component (AddParameter): Name = "Published"; Value = "8-Jun-2000"; VariantName = "[No Variations]"
Add component (AddParameter): Name = "Publisher"; Value = "Altium Limited"; VariantName = "[No Variations]"
Added Component: Designator=R16(R 0805 (2012))
Add component (AddParameter): Name = "LatestRevisionDate"; Value = "17-Jul-2002"; VariantName = "[No Variations]"
Add component (AddParameter): Name = "LatestRevisionNote"; Value = "Re-released for DXP Platform."; VariantName = "[No Variations]"
Add component (AddParameter): Name = "PackageReference"; Value = "AXIAL-0.3"; VariantName = "[No Variations]"
Add component (AddParameter): Name = "Published"; Value = "8-Jun-2000"; VariantName = "[No Variations]"
Add component (AddParameter): Name = "Publisher"; Value = "Altium Limited"; VariantName = "[No Variations]"
Added Component: Designator=R17(R 0805 (2012))
Add component (AddParameter): Name = "LatestRevisionDate"; Value = "17-Jul-2002"; VariantName = "[No Variations]"
Add component (AddParameter): Name = "LatestRevisionNote"; Value = "Re-released for DXP Platform."; VariantName = "[No Variations]"
Add component (AddParameter): Name = "PackageReference"; Value = "AXIAL-0.3"; VariantName = "[No Variations]"
Add component (AddParameter): Name = "Published"; Value = "8-Jun-2000"; VariantName = "[No Variations]"
Add component (AddParameter): Name = "Publisher"; Value = "Altium Limited"; VariantName = "[No Variations]"
Added Component: Designator=R18(R 0805 (2012))
Add component (AddParameter): Name = "LatestRevisionDate"; Value = "17-Jul-2002"; VariantName = "[No Variations]"
Add component (AddParameter): Name = "LatestRevisionNote"; Value = "Re-released for DXP Platform."; VariantName = "[No Variations]"
Add component (AddParameter): Name = "PackageReference"; Value = "AXIAL-0.3"; VariantName = "[No Variations]"
Add component (AddParameter): Name = "Published"; Value = "8-Jun-2000"; VariantName = "[No Variations]"
Add component (AddParameter): Name = "Publisher"; Value = "Altium Limited"; VariantName = "[No Variations]"
Added Component: Designator=R19(R 0805 (2012))
Add component (AddParameter): Name = "LatestRevisionDate"; Value = "17-Jul-2002"; VariantName = "[No Variations]"
Add component (AddParameter): Name = "LatestRevisionNote"; Value = "Re-released for DXP Platform."; VariantName = "[No Variations]"
Add component (AddParameter): Name = "PackageReference"; Value = "AXIAL-0.3"; VariantName = "[No Variations]"
Add component (AddParameter): Name = "Published"; Value = "8-Jun-2000"; VariantName = "[No Variations]"
Add component (AddParameter): Name = "Publisher"; Value = "Altium Limited"; VariantName = "[No Variations]"
Added Component: Designator=R20(R 0805 (2012))
Add component (AddParameter): Name = "LatestRevisionDate"; Value = "17-Jul-2002"; VariantName = "[No Variations]"
Add component (AddParameter): Name = "LatestRevisionNote"; Value = "Re-released for DXP Platform."; VariantName = "[No Variations]"
Add component (AddParameter): Name = "PackageReference"; Value = "AXIAL-0.3"; VariantName = "[No Variations]"
Add component (AddParameter): Name = "Published"; Value = "8-Jun-2000"; VariantName = "[No Variations]"
Add component (AddParameter): Name = "Publisher"; Value = "Altium Limited"; VariantName = "[No Variations]"
Added Component: Designator=R21(R 0805 (2012))
Add component (AddParameter): Name = "LatestRevisionDate"; Value = "17-Jul-2002"; VariantName = "[No Variations]"
Add component (AddParameter): Name = "LatestRevisionNote"; Value = "Re-released for DXP Platform."; VariantName = "[No Variations]"
Add component (AddParameter): Name = "PackageReference"; Value = "AXIAL-0.3"; VariantName = "[No Variations]"
Add component (AddParameter): Name = "Published"; Value = "8-Jun-2000"; VariantName = "[No Variations]"
Add component (AddParameter): Name = "Publisher"; Value = "Altium Limited"; VariantName = "[No Variations]"
Added Component: Designator=R22(R 0805 (2012))
Add component (AddParameter): Name = "LatestRevisionDate"; Value = "17-Jul-2002"; VariantName = "[No Variations]"
Add component (AddParameter): Name = "LatestRevisionNote"; Value = "Re-released for DXP Platform."; VariantName = "[No Variations]"
Add component (AddParameter): Name = "PackageReference"; Value = "AXIAL-0.3"; VariantName = "[No Variations]"
Add component (AddParameter): Name = "Published"; Value = "8-Jun-2000"; VariantName = "[No Variations]"
Add component (AddParameter): Name = "Publisher"; Value = "Altium Limited"; VariantName = "[No Variations]"
Added Component: Designator=SW0(SW/4/DIP 12x12x7)
Added Component: Designator=sw1(SW/4/DIP 12x12x7)
Added Component: Designator=SW2(SW/4/DIP 12x12x7)
Added Component: Designator=SW?(SW/DIP2)
Added Component: Designator=U1(Arduino Uno R3 Shield 2xPins)
Added Component: Designator=U2(DIP 8)
Added Component: Designator=U3(SOIC-16)
Added Component: Designator=VR(R VAR D)
Add component (AddParameter): Name = "Category"; Value = "Relays"; VariantName = "[No Variations]"
Add component (AddParameter): Name = "Circuit"; Value = "SPST-NO (1 Form A)"; VariantName = "[No Variations]"
Add component (AddParameter): Name = "ComponentLink1Description"; Value = "http://media.digikey.com/pdf/Data%20Sheets/Omron%20PDFs/G3MB.pdf"; VariantName = "[No Variations]"
Add component (AddParameter): Name = "ComponentLink1URL"; Value = "http://media.digikey.com/pdf/Data%20Sheets/Omron%20PDFs/G3MB.pdf"; VariantName = "[No Variations]"
Add component (AddParameter): Name = "Load Current"; Value = "2A"; VariantName = "[No Variations]"
Add component (AddParameter): Name = "Manufacturer"; Value = "Omron Automation and Safety"; VariantName = "[No Variations]"
Add component (AddParameter): Name = "Manufacturer Part Number"; Value = "G3MB-202P DC5"; VariantName = "[No Variations]"
Add component (AddParameter): Name = "Mounting Type"; Value = "Through Hole"; VariantName = "[No Variations]"
Add component (AddParameter): Name = "On-State Resistance (Max)"; Value = "-"; VariantName = "[No Variations]"
Add component (AddParameter): Name = "Output Type"; Value = "AC, Zero Cross"; VariantName = "[No Variations]"
Add component (AddParameter): Name = "Package / Case"; Value = "4-SIP"; VariantName = "[No Variations]"
Add component (AddParameter): Name = "Packaging"; Value = "Bulk"; VariantName = "[No Variations]"
Add component (AddParameter): Name = "Part Status"; Value = "Obsolete"; VariantName = "[No Variations]"
Add component (AddParameter): Name = "Relay Type"; Value = "Relay"; VariantName = "[No Variations]"
Add component (AddParameter): Name = "RoHS"; Value = "RoHS Compliant"; VariantName = "[No Variations]"
Add component (AddParameter): Name = "Supplier Device Package"; Value = "4-SIP"; VariantName = "[No Variations]"
Add component (AddParameter): Name = "Termination Style"; Value = "PC Pin"; VariantName = "[No Variations]"
Add component (AddParameter): Name = "Voltage - Input"; Value = "4 ~ 6VDC"; VariantName = "[No Variations]"
Add component (AddParameter): Name = "Voltage - Load"; Value = "75 ~ 264 V"; VariantName = "[No Variations]"
Added Component: Designator=Y?(Crystal HC49S DIP)
Added Pin To Net: NetName=NetBT?_1 Pin=BT?-1
Added Pin To Net: NetName=GND Pin=BT?-2
Added Pin To Net: NetName=+5 Pin=BUZZER-1
Added Pin To Net: NetName=NetBUZZER_2 Pin=BUZZER-2
Added Pin To Net: NetName=BUTTON 0 Pin=C0-1
Added Pin To Net: NetName=GND Pin=C0-2
Added Pin To Net: NetName=BUTTON 2 Pin=C2-1
Added Pin To Net: NetName=GND Pin=C2-2
Added Pin To Net: NetName=NetC?_1 Pin=C?-1
Added Pin To Net: NetName=+5 Pin=C?-2
Added Pin To Net: NetName=BUTTON 1 Pin=C`-1
Added Pin To Net: NetName=GND Pin=C`-2
Added Pin To Net: NetName=+5 Pin=D2-1
Added Pin To Net: NetName=NetBUZZER_2 Pin=D2-2
Added Pin To Net: NetName=NetC?_1 Pin=LCD-1
Added Pin To Net: NetName=+5 Pin=LCD-2
Added Pin To Net: NetName=NetLCD_3 Pin=LCD-3
Added Pin To Net: NetName=NetLCD_4 Pin=LCD-4
Added Pin To Net: NetName=NetLCD_5 Pin=LCD-5
Added Pin To Net: NetName=NetLCD_6 Pin=LCD-6
Added Pin To Net: NetName=NetLCD_11 Pin=LCD-11
Added Pin To Net: NetName=NetLCD_12 Pin=LCD-12
Added Pin To Net: NetName=NetLCD_13 Pin=LCD-13
Added Pin To Net: NetName=NetLCD_14 Pin=LCD-14
Added Pin To Net: NetName=NetC?_1 Pin=LCD-15
Added Pin To Net: NetName=GND Pin=LCD-16
Added Pin To Net: NetName=GND Pin=LED6-1
Added Pin To Net: NetName=NetLED6_2 Pin=LED6-2
Added Pin To Net: NetName=NetQ0_1 Pin=Q0-1
Added Pin To Net: NetName=BUZZER_EN Pin=Q0-2
Added Pin To Net: NetName=NetBUZZER_2 Pin=Q0-3
Added Pin To Net: NetName=NetQ?_1 Pin=Q?-1
Added Pin To Net: NetName=GND Pin=Q?-2
Added Pin To Net: NetName=NetC?_1 Pin=Q?-3
Added Pin To Net: NetName=BUTTON 0 Pin=R0-1
Added Pin To Net: NetName=+5 Pin=R0-2
Added Pin To Net: NetName=BUTTON 1 Pin=R1-1
Added Pin To Net: NetName=+5 Pin=R1-2
Added Pin To Net: NetName=BUTTON 2 Pin=R2-1
Added Pin To Net: NetName=+5 Pin=R2-2
Added Pin To Net: NetName=BUZZER Pin=R3-1
Added Pin To Net: NetName=NetQ0_1 Pin=R3-2
Added Pin To Net: NetName=NetLED6_2 Pin=R14-1
Added Pin To Net: NetName=+5 Pin=R14-2
Added Pin To Net: NetName=NetR15_1 Pin=R15-1
Added Pin To Net: NetName=+5 Pin=R15-2
Added Pin To Net: NetName=NetR16_1 Pin=R16-1
Added Pin To Net: NetName=+5 Pin=R16-2
Added Pin To Net: NetName=NetR17_1 Pin=R17-1
Added Pin To Net: NetName=+5 Pin=R17-2
Added Pin To Net: NetName=NetQ?_1 Pin=R18-1
Added Pin To Net: NetName=+5 Pin=R18-2
Added Pin To Net: NetName=SDA Pin=R19-1
Added Pin To Net: NetName=+5 Pin=R19-2
Added Pin To Net: NetName=SCL Pin=R20-1
Added Pin To Net: NetName=+5 Pin=R20-2
Added Pin To Net: NetName=SCL Pin=R21-1
Added Pin To Net: NetName=+5 Pin=R21-2
Added Pin To Net: NetName=SDA Pin=R22-1
Added Pin To Net: NetName=+5 Pin=R22-2
Added Pin To Net: NetName=BUTTON 0 Pin=SW0-1
Added Pin To Net: NetName=GND Pin=SW0-2
Added Pin To Net: NetName=GND Pin=SW0-3
Added Pin To Net: NetName=BUTTON 0 Pin=SW0-4
Added Pin To Net: NetName=BUTTON 1 Pin=sw1-1
Added Pin To Net: NetName=GND Pin=sw1-2
Added Pin To Net: NetName=GND Pin=sw1-3
Added Pin To Net: NetName=BUTTON 1 Pin=sw1-4
Added Pin To Net: NetName=BUTTON 2 Pin=SW2-1
Added Pin To Net: NetName=GND Pin=SW2-2
Added Pin To Net: NetName=GND Pin=SW2-3
Added Pin To Net: NetName=BUTTON 2 Pin=SW2-4
Added Pin To Net: NetName=GND Pin=SW?-1
Added Pin To Net: NetName=GND Pin=SW?-2
Added Pin To Net: NetName=BUZZER_EN Pin=SW?-3
Added Pin To Net: NetName=LED_EN Pin=SW?-4
Added Pin To Net: NetName=+5 Pin=U1-3
Added Pin To Net: NetName=GND Pin=U1-4
Added Pin To Net: NetName=GND Pin=U1-5
Added Pin To Net: NetName=EN0 Pin=U1-7
Added Pin To Net: NetName=EN1 Pin=U1-8
Added Pin To Net: NetName=EN2 Pin=U1-9
Added Pin To Net: NetName=EN3 Pin=U1-10
Added Pin To Net: NetName=EN4 Pin=U1-11
Added Pin To Net: NetName=BUTTON 0 Pin=U1-13
Added Pin To Net: NetName=BUTTON 1 Pin=U1-14
Added Pin To Net: NetName=BUTTON 2 Pin=U1-15
Added Pin To Net: NetName=BUZZER Pin=U1-17
Added Pin To Net: NetName=SEG0 Pin=U1-18
Added Pin To Net: NetName=SEG1 Pin=U1-19
Added Pin To Net: NetName=SEG2 Pin=U1-20
Added Pin To Net: NetName=SEG3 Pin=U1-21
Added Pin To Net: NetName=SEG4 Pin=U1-22
Added Pin To Net: NetName=SEG5 Pin=U1-23
Added Pin To Net: NetName=SEG5 Pin=U1-24
Added Pin To Net: NetName=SEG6 Pin=U1-25
Added Pin To Net: NetName=SEG_DOT Pin=U1-26
Added Pin To Net: NetName=GND Pin=U1-27
Added Pin To Net: NetName=SDA Pin=U1-29
Added Pin To Net: NetName=SCL Pin=U1-30
Added Pin To Net: NetName=NetU2_1 Pin=U2-1
Added Pin To Net: NetName=NetU2_2 Pin=U2-2
Added Pin To Net: NetName=NetBT?_1 Pin=U2-3
Added Pin To Net: NetName=GND Pin=U2-4
Added Pin To Net: NetName=SDA Pin=U2-5
Added Pin To Net: NetName=SCL Pin=U2-6
Added Pin To Net: NetName=+5 Pin=U2-8
Added Pin To Net: NetName=NetR17_1 Pin=U3-1
Added Pin To Net: NetName=NetR16_1 Pin=U3-2
Added Pin To Net: NetName=NetR15_1 Pin=U3-3
Added Pin To Net: NetName=NetLCD_4 Pin=U3-4
Added Pin To Net: NetName=NetLCD_5 Pin=U3-5
Added Pin To Net: NetName=NetLCD_6 Pin=U3-6
Added Pin To Net: NetName=NetQ?_1 Pin=U3-7
Added Pin To Net: NetName=NetC?_1 Pin=U3-8
Added Pin To Net: NetName=NetLCD_11 Pin=U3-9
Added Pin To Net: NetName=NetLCD_12 Pin=U3-10
Added Pin To Net: NetName=NetLCD_13 Pin=U3-11
Added Pin To Net: NetName=NetLCD_14 Pin=U3-12
Added Pin To Net: NetName=SCL Pin=U3-14
Added Pin To Net: NetName=SDA Pin=U3-15
Added Pin To Net: NetName=+5 Pin=U3-16
Added Pin To Net: NetName=+5 Pin=VR-1
Added Pin To Net: NetName=NetLCD_3 Pin=VR-2
Added Pin To Net: NetName=GND Pin=VR-3
Added Pin To Net: NetName=NetU2_2 Pin=Y?-1
Added Pin To Net: NetName=NetU2_1 Pin=Y?-2
Added Member To Class: ClassName=Sheet1 Member=Component BT? Battery
Added Member To Class: ClassName=Sheet1 Member=Component BUZZER
Added Member To Class: ClassName=Sheet1 Member=Component C0 100nf
Added Member To Class: ClassName=Sheet1 Member=Component C2 100nf
Added Member To Class: ClassName=Sheet1 Member=Component C? 1uf
Added Member To Class: ClassName=Sheet1 Member=Component C` 100nf
Added Member To Class: ClassName=Sheet1 Member=Component D2 Diode
Added Member To Class: ClassName=Sheet1 Member=Component LCD LCD 16x2
Added Member To Class: ClassName=Sheet1 Member=Component LED6 Led
Added Member To Class: ClassName=Sheet1 Member=Component Q0 Transistor NPN
Added Member To Class: ClassName=Sheet1 Member=Component Q? Transistor NPN
Added Member To Class: ClassName=Sheet1 Member=Component R0 10k
Added Member To Class: ClassName=Sheet1 Member=Component R1 10k
Added Member To Class: ClassName=Sheet1 Member=Component R2 10k
Added Member To Class: ClassName=Sheet1 Member=Component R3 4.7k
Added Member To Class: ClassName=Sheet1 Member=Component R14 1k
Added Member To Class: ClassName=Sheet1 Member=Component R15 10k
Added Member To Class: ClassName=Sheet1 Member=Component R16 10k
Added Member To Class: ClassName=Sheet1 Member=Component R17 10k
Added Member To Class: ClassName=Sheet1 Member=Component R18 4.7k
Added Member To Class: ClassName=Sheet1 Member=Component R19 4.7k
Added Member To Class: ClassName=Sheet1 Member=Component R20 4.7k
Added Member To Class: ClassName=Sheet1 Member=Component R21 4.7k
Added Member To Class: ClassName=Sheet1 Member=Component R22 4.7k
Added Member To Class: ClassName=Sheet1 Member=Component SW0 Tact Switch
Added Member To Class: ClassName=Sheet1 Member=Component sw1 Tact Switch
Added Member To Class: ClassName=Sheet1 Member=Component SW2 Tact Switch
Added Member To Class: ClassName=Sheet1 Member=Component SW? SW DIP-2
Added Member To Class: ClassName=Sheet1 Member=Component U1 STM32F103RBT6 Shield
Added Member To Class: ClassName=Sheet1 Member=Component U2 DS1307
Added Member To Class: ClassName=Sheet1 Member=Component U3 PCF8574
Added Member To Class: ClassName=Sheet1 Member=Component VR 5k
Added Member To Class: ClassName=Sheet1 Member=Component Y? Crystal
Added Room: Name=Sheet1
