Added Component: Designator=A4(SOT-23)
Added Component: Designator=BT?(CON CR1220)
Added Component: Designator=BUZ?(Buzzer SMD)
Added Component: Designator=C0(C 0805 (2012))
Added Component: Designator=C2(C 0805 (2012))
Added Component: Designator=C?(C 0805 (2012))
Added Component: Designator=C`(C 0805 (2012))
Added Component: Designator=D1(LED7-4 COLON)
Added Component: Designator=D2(DO-214AB (SMC))
Add component (AddParameter): Name = "Code_JEDEC"; Value = "DO-214-AB"; VariantName = "[No Variations]"
Add component (AddParameter): Name = "LatestRevisionDate"; Value = "17-Jul-2002"; VariantName = "[No Variations]"
Add component (AddParameter): Name = "LatestRevisionNote"; Value = "Re-released for DXP Platform."; VariantName = "[No Variations]"
Add component (AddParameter): Name = "PackageReference"; Value = "SMC"; VariantName = "[No Variations]"
Add component (AddParameter): Name = "PackageVersion"; Value = "Sep-1996"; VariantName = "[No Variations]"
Add component (AddParameter): Name = "Published"; Value = "8-Jun-2000"; VariantName = "[No Variations]"
Add component (AddParameter): Name = "Publisher"; Value = "Altium Limited"; VariantName = "[No Variations]"
Added Component: Designator=LCD(LCD 16x2)
Added Component: Designator=LED0(Led SMD 0805)
Added Component: Designator=LED1(Led SMD 0805)
Added Component: Designator=LED3(Led SMD 0805)
Added Component: Designator=LED4(Led SMD 0805)
Added Component: Designator=LED5(Led SMD 0805)
Added Component: Designator=LED?(Led SMD 0805)
Added Component: Designator=Q0(SOT-23)
Added Component: Designator=Q1(SOT-23)
Added Component: Designator=Q2(SOT-23)
Added Component: Designator=Q3(SOT-23)
Added Component: Designator=Q5(SOT-23)
Added Component: Designator=Q?(SOT-23)
Added Component: Designator=R0(R 0805 (2012))
Add component (AddParameter): Name = "LatestRevisionDate"; Value = "17-Jul-2002"; VariantName = "[No Variations]"
Add component (AddParameter): Name = "LatestRevisionNote"; Value = "Re-released for DXP Platform."; VariantName = "[No Variations]"
Add component (AddParameter): Name = "PackageReference"; Value = "AXIAL-0.3"; VariantName = "[No Variations]"
Add component (AddParameter): Name = "Published"; Value = "8-Jun-2000"; VariantName = "[No Variations]"
Add component (AddParameter): Name = "Publisher"; Value = "Altium Limited"; VariantName = "[No Variations]"
Added Component: Designator=R1(R 0805 (2012))
Add component (AddParameter): Name = "LatestRevisionDate"; Value = "17-Jul-2002"; VariantName = "[No Variations]"
Add component (AddParameter): Name = "LatestRevisionNote"; Value = "Re-released for DXP Platform."; VariantName = "[No Variations]"
Add component (AddParameter): Name = "PackageReference"; Value = "AXIAL-0.3"; VariantName = "[No Variations]"
Add component (AddParameter): Name = "Published"; Value = "8-Jun-2000"; VariantName = "[No Variations]"
Add component (AddParameter): Name = "Publisher"; Value = "Altium Limited"; VariantName = "[No Variations]"
Added Component: Designator=R2(R 0805 (2012))
Add component (AddParameter): Name = "LatestRevisionDate"; Value = "17-Jul-2002"; VariantName = "[No Variations]"
Add component (AddParameter): Name = "LatestRevisionNote"; Value = "Re-released for DXP Platform."; VariantName = "[No Variations]"
Add component (AddParameter): Name = "PackageReference"; Value = "AXIAL-0.3"; VariantName = "[No Variations]"
Add component (AddParameter): Name = "Published"; Value = "8-Jun-2000"; VariantName = "[No Variations]"
Add component (AddParameter): Name = "Publisher"; Value = "Altium Limited"; VariantName = "[No Variations]"
Added Component: Designator=R3(R 0805 (2012))
Add component (AddParameter): Name = "LatestRevisionDate"; Value = "17-Jul-2002"; VariantName = "[No Variations]"
Add component (AddParameter): Name = "LatestRevisionNote"; Value = "Re-released for DXP Platform."; VariantName = "[No Variations]"
Add component (AddParameter): Name = "PackageReference"; Value = "AXIAL-0.3"; VariantName = "[No Variations]"
Add component (AddParameter): Name = "Published"; Value = "8-Jun-2000"; VariantName = "[No Variations]"
Add component (AddParameter): Name = "Publisher"; Value = "Altium Limited"; VariantName = "[No Variations]"
Added Component: Designator=R4(R 0805 (2012))
Add component (AddParameter): Name = "LatestRevisionDate"; Value = "17-Jul-2002"; VariantName = "[No Variations]"
Add component (AddParameter): Name = "LatestRevisionNote"; Value = "Re-released for DXP Platform."; VariantName = "[No Variations]"
Add component (AddParameter): Name = "PackageReference"; Value = "AXIAL-0.3"; VariantName = "[No Variations]"
Add component (AddParameter): Name = "Published"; Value = "8-Jun-2000"; VariantName = "[No Variations]"
Add component (AddParameter): Name = "Publisher"; Value = "Altium Limited"; VariantName = "[No Variations]"
Added Component: Designator=R5(R 0805 (2012))
Add component (AddParameter): Name = "LatestRevisionDate"; Value = "17-Jul-2002"; VariantName = "[No Variations]"
Add component (AddParameter): Name = "LatestRevisionNote"; Value = "Re-released for DXP Platform."; VariantName = "[No Variations]"
Add component (AddParameter): Name = "PackageReference"; Value = "AXIAL-0.3"; VariantName = "[No Variations]"
Add component (AddParameter): Name = "Published"; Value = "8-Jun-2000"; VariantName = "[No Variations]"
Add component (AddParameter): Name = "Publisher"; Value = "Altium Limited"; VariantName = "[No Variations]"
Added Component: Designator=R6(R 0805 (2012))
Add component (AddParameter): Name = "LatestRevisionDate"; Value = "17-Jul-2002"; VariantName = "[No Variations]"
Add component (AddParameter): Name = "LatestRevisionNote"; Value = "Re-released for DXP Platform."; VariantName = "[No Variations]"
Add component (AddParameter): Name = "PackageReference"; Value = "AXIAL-0.3"; VariantName = "[No Variations]"
Add component (AddParameter): Name = "Published"; Value = "8-Jun-2000"; VariantName = "[No Variations]"
Add component (AddParameter): Name = "Publisher"; Value = "Altium Limited"; VariantName = "[No Variations]"
Added Component: Designator=R7(R 0805 (2012))
Add component (AddParameter): Name = "LatestRevisionDate"; Value = "17-Jul-2002"; VariantName = "[No Variations]"
Add component (AddParameter): Name = "LatestRevisionNote"; Value = "Re-released for DXP Platform."; VariantName = "[No Variations]"
Add component (AddParameter): Name = "PackageReference"; Value = "AXIAL-0.3"; VariantName = "[No Variations]"
Add component (AddParameter): Name = "Published"; Value = "8-Jun-2000"; VariantName = "[No Variations]"
Add component (AddParameter): Name = "Publisher"; Value = "Altium Limited"; VariantName = "[No Variations]"
Added Component: Designator=R8(R 0805 (2012))
Add component (AddParameter): Name = "LatestRevisionDate"; Value = "17-Jul-2002"; VariantName = "[No Variations]"
Add component (AddParameter): Name = "LatestRevisionNote"; Value = "Re-released for DXP Platform."; VariantName = "[No Variations]"
Add component (AddParameter): Name = "PackageReference"; Value = "AXIAL-0.3"; VariantName = "[No Variations]"
Add component (AddParameter): Name = "Published"; Value = "8-Jun-2000"; VariantName = "[No Variations]"
Add component (AddParameter): Name = "Publisher"; Value = "Altium Limited"; VariantName = "[No Variations]"
Added Component: Designator=R9(R 0805 (2012))
Add component (AddParameter): Name = "LatestRevisionDate"; Value = "17-Jul-2002"; VariantName = "[No Variations]"
Add component (AddParameter): Name = "LatestRevisionNote"; Value = "Re-released for DXP Platform."; VariantName = "[No Variations]"
Add component (AddParameter): Name = "PackageReference"; Value = "AXIAL-0.3"; VariantName = "[No Variations]"
Add component (AddParameter): Name = "Published"; Value = "8-Jun-2000"; VariantName = "[No Variations]"
Add component (AddParameter): Name = "Publisher"; Value = "Altium Limited"; VariantName = "[No Variations]"
Added Component: Designator=R10(R 0805 (2012))
Add component (AddParameter): Name = "LatestRevisionDate"; Value = "17-Jul-2002"; VariantName = "[No Variations]"
Add component (AddParameter): Name = "LatestRevisionNote"; Value = "Re-released for DXP Platform."; VariantName = "[No Variations]"
Add component (AddParameter): Name = "PackageReference"; Value = "AXIAL-0.3"; VariantName = "[No Variations]"
Add component (AddParameter): Name = "Published"; Value = "8-Jun-2000"; VariantName = "[No Variations]"
Add component (AddParameter): Name = "Publisher"; Value = "Altium Limited"; VariantName = "[No Variations]"
Added Component: Designator=R11(R 0805 (2012))
Add component (AddParameter): Name = "LatestRevisionDate"; Value = "17-Jul-2002"; VariantName = "[No Variations]"
Add component (AddParameter): Name = "LatestRevisionNote"; Value = "Re-released for DXP Platform."; VariantName = "[No Variations]"
Add component (AddParameter): Name = "PackageReference"; Value = "AXIAL-0.3"; VariantName = "[No Variations]"
Add component (AddParameter): Name = "Published"; Value = "8-Jun-2000"; VariantName = "[No Variations]"
Add component (AddParameter): Name = "Publisher"; Value = "Altium Limited"; VariantName = "[No Variations]"
Added Component: Designator=R12(R 0805 (2012))
Add component (AddParameter): Name = "LatestRevisionDate"; Value = "17-Jul-2002"; VariantName = "[No Variations]"
Add component (AddParameter): Name = "LatestRevisionNote"; Value = "Re-released for DXP Platform."; VariantName = "[No Variations]"
Add component (AddParameter): Name = "PackageReference"; Value = "AXIAL-0.3"; VariantName = "[No Variations]"
Add component (AddParameter): Name = "Published"; Value = "8-Jun-2000"; VariantName = "[No Variations]"
Add component (AddParameter): Name = "Publisher"; Value = "Altium Limited"; VariantName = "[No Variations]"
Added Component: Designator=R13(R 0805 (2012))
Add component (AddParameter): Name = "LatestRevisionDate"; Value = "17-Jul-2002"; VariantName = "[No Variations]"
Add component (AddParameter): Name = "LatestRevisionNote"; Value = "Re-released for DXP Platform."; VariantName = "[No Variations]"
Add component (AddParameter): Name = "PackageReference"; Value = "AXIAL-0.3"; VariantName = "[No Variations]"
Add component (AddParameter): Name = "Published"; Value = "8-Jun-2000"; VariantName = "[No Variations]"
Add component (AddParameter): Name = "Publisher"; Value = "Altium Limited"; VariantName = "[No Variations]"
Added Component: Designator=R14(R 0805 (2012))
Add component (AddParameter): Name = "LatestRevisionDate"; Value = "17-Jul-2002"; VariantName = "[No Variations]"
Add component (AddParameter): Name = "LatestRevisionNote"; Value = "Re-released for DXP Platform."; VariantName = "[No Variations]"
Add component (AddParameter): Name = "PackageReference"; Value = "AXIAL-0.3"; VariantName = "[No Variations]"
Add component (AddParameter): Name = "Published"; Value = "8-Jun-2000"; VariantName = "[No Variations]"
Add component (AddParameter): Name = "Publisher"; Value = "Altium Limited"; VariantName = "[No Variations]"
Added Component: Designator=R15(R 0805 (2012))
Add component (AddParameter): Name = "LatestRevisionDate"; Value = "17-Jul-2002"; VariantName = "[No Variations]"
Add component (AddParameter): Name = "LatestRevisionNote"; Value = "Re-released for DXP Platform."; VariantName = "[No Variations]"
Add component (AddParameter): Name = "PackageReference"; Value = "AXIAL-0.3"; VariantName = "[No Variations]"
Add component (AddParameter): Name = "Published"; Value = "8-Jun-2000"; VariantName = "[No Variations]"
Add component (AddParameter): Name = "Publisher"; Value = "Altium Limited"; VariantName = "[No Variations]"
Added Component: Designator=R16(R 0805 (2012))
Add component (AddParameter): Name = "LatestRevisionDate"; Value = "17-Jul-2002"; VariantName = "[No Variations]"
Add component (AddParameter): Name = "LatestRevisionNote"; Value = "Re-released for DXP Platform."; VariantName = "[No Variations]"
Add component (AddParameter): Name = "PackageReference"; Value = "AXIAL-0.3"; VariantName = "[No Variations]"
Add component (AddParameter): Name = "Published"; Value = "8-Jun-2000"; VariantName = "[No Variations]"
Add component (AddParameter): Name = "Publisher"; Value = "Altium Limited"; VariantName = "[No Variations]"
Added Component: Designator=R17(R 0805 (2012))
Add component (AddParameter): Name = "LatestRevisionDate"; Value = "17-Jul-2002"; VariantName = "[No Variations]"
Add component (AddParameter): Name = "LatestRevisionNote"; Value = "Re-released for DXP Platform."; VariantName = "[No Variations]"
Add component (AddParameter): Name = "PackageReference"; Value = "AXIAL-0.3"; VariantName = "[No Variations]"
Add component (AddParameter): Name = "Published"; Value = "8-Jun-2000"; VariantName = "[No Variations]"
Add component (AddParameter): Name = "Publisher"; Value = "Altium Limited"; VariantName = "[No Variations]"
Added Component: Designator=R18(R 0805 (2012))
Add component (AddParameter): Name = "LatestRevisionDate"; Value = "17-Jul-2002"; VariantName = "[No Variations]"
Add component (AddParameter): Name = "LatestRevisionNote"; Value = "Re-released for DXP Platform."; VariantName = "[No Variations]"
Add component (AddParameter): Name = "PackageReference"; Value = "AXIAL-0.3"; VariantName = "[No Variations]"
Add component (AddParameter): Name = "Published"; Value = "8-Jun-2000"; VariantName = "[No Variations]"
Add component (AddParameter): Name = "Publisher"; Value = "Altium Limited"; VariantName = "[No Variations]"
Added Component: Designator=R19(R 0805 (2012))
Add component (AddParameter): Name = "LatestRevisionDate"; Value = "17-Jul-2002"; VariantName = "[No Variations]"
Add component (AddParameter): Name = "LatestRevisionNote"; Value = "Re-released for DXP Platform."; VariantName = "[No Variations]"
Add component (AddParameter): Name = "PackageReference"; Value = "AXIAL-0.3"; VariantName = "[No Variations]"
Add component (AddParameter): Name = "Published"; Value = "8-Jun-2000"; VariantName = "[No Variations]"
Add component (AddParameter): Name = "Publisher"; Value = "Altium Limited"; VariantName = "[No Variations]"
Added Component: Designator=R20(R 0805 (2012))
Add component (AddParameter): Name = "LatestRevisionDate"; Value = "17-Jul-2002"; VariantName = "[No Variations]"
Add component (AddParameter): Name = "LatestRevisionNote"; Value = "Re-released for DXP Platform."; VariantName = "[No Variations]"
Add component (AddParameter): Name = "PackageReference"; Value = "AXIAL-0.3"; VariantName = "[No Variations]"
Add component (AddParameter): Name = "Published"; Value = "8-Jun-2000"; VariantName = "[No Variations]"
Add component (AddParameter): Name = "Publisher"; Value = "Altium Limited"; VariantName = "[No Variations]"
Added Component: Designator=R21(R 0805 (2012))
Add component (AddParameter): Name = "LatestRevisionDate"; Value = "17-Jul-2002"; VariantName = "[No Variations]"
Add component (AddParameter): Name = "LatestRevisionNote"; Value = "Re-released for DXP Platform."; VariantName = "[No Variations]"
Add component (AddParameter): Name = "PackageReference"; Value = "AXIAL-0.3"; VariantName = "[No Variations]"
Add component (AddParameter): Name = "Published"; Value = "8-Jun-2000"; VariantName = "[No Variations]"
Add component (AddParameter): Name = "Publisher"; Value = "Altium Limited"; VariantName = "[No Variations]"
Added Component: Designator=R22(R 0805 (2012))
Add component (AddParameter): Name = "LatestRevisionDate"; Value = "17-Jul-2002"; VariantName = "[No Variations]"
Add component (AddParameter): Name = "LatestRevisionNote"; Value = "Re-released for DXP Platform."; VariantName = "[No Variations]"
Add component (AddParameter): Name = "PackageReference"; Value = "AXIAL-0.3"; VariantName = "[No Variations]"
Add component (AddParameter): Name = "Published"; Value = "8-Jun-2000"; VariantName = "[No Variations]"
Add component (AddParameter): Name = "Publisher"; Value = "Altium Limited"; VariantName = "[No Variations]"
Added Component: Designator=SW0(SW/4/DIP 12x12x7)
Added Component: Designator=sw1(SW/4/DIP 12x12x7)
Added Component: Designator=SW2(SW/4/DIP 12x12x7)
Added Component: Designator=SW?(SW/DIP2)
Added Component: Designator=U1(Arduino Uno R3 Shield 2xPins)
Added Component: Designator=U2(DIP 8)
Added Component: Designator=VR?(R VAR D)
Add component (AddParameter): Name = "Category"; Value = "Relays"; VariantName = "[No Variations]"
Add component (AddParameter): Name = "Circuit"; Value = "SPST-NO (1 Form A)"; VariantName = "[No Variations]"
Add component (AddParameter): Name = "ComponentLink1Description"; Value = "http://media.digikey.com/pdf/Data%20Sheets/Omron%20PDFs/G3MB.pdf"; VariantName = "[No Variations]"
Add component (AddParameter): Name = "ComponentLink1URL"; Value = "http://media.digikey.com/pdf/Data%20Sheets/Omron%20PDFs/G3MB.pdf"; VariantName = "[No Variations]"
Add component (AddParameter): Name = "Load Current"; Value = "2A"; VariantName = "[No Variations]"
Add component (AddParameter): Name = "Manufacturer"; Value = "Omron Automation and Safety"; VariantName = "[No Variations]"
Add component (AddParameter): Name = "Manufacturer Part Number"; Value = "G3MB-202P DC5"; VariantName = "[No Variations]"
Add component (AddParameter): Name = "Mounting Type"; Value = "Through Hole"; VariantName = "[No Variations]"
Add component (AddParameter): Name = "On-State Resistance (Max)"; Value = "-"; VariantName = "[No Variations]"
Add component (AddParameter): Name = "Output Type"; Value = "AC, Zero Cross"; VariantName = "[No Variations]"
Add component (AddParameter): Name = "Package / Case"; Value = "4-SIP"; VariantName = "[No Variations]"
Add component (AddParameter): Name = "Packaging"; Value = "Bulk"; VariantName = "[No Variations]"
Add component (AddParameter): Name = "Part Status"; Value = "Obsolete"; VariantName = "[No Variations]"
Add component (AddParameter): Name = "Relay Type"; Value = "Relay"; VariantName = "[No Variations]"
Add component (AddParameter): Name = "RoHS"; Value = "RoHS Compliant"; VariantName = "[No Variations]"
Add component (AddParameter): Name = "Supplier Device Package"; Value = "4-SIP"; VariantName = "[No Variations]"
Add component (AddParameter): Name = "Termination Style"; Value = "PC Pin"; VariantName = "[No Variations]"
Add component (AddParameter): Name = "Voltage - Input"; Value = "4 ~ 6VDC"; VariantName = "[No Variations]"
Add component (AddParameter): Name = "Voltage - Load"; Value = "75 ~ 264 V"; VariantName = "[No Variations]"
Added Component: Designator=Y?(Crystal HC49S DIP)
Added Pin To Net: NetName=+5 Pin=A4-3
Added Pin To Net: NetName=+5 Pin=BUZ?-1
Added Pin To Net: NetName=+5 Pin=C?-2
Added Pin To Net: NetName=+5 Pin=D2-1
Added Pin To Net: NetName=+5 Pin=LCD-2
Added Pin To Net: NetName=+5 Pin=Q1-3
Added Pin To Net: NetName=+5 Pin=Q2-3
Added Pin To Net: NetName=+5 Pin=Q3-3
Added Pin To Net: NetName=+5 Pin=Q5-3
Added Pin To Net: NetName=+5 Pin=R0-2
Added Pin To Net: NetName=+5 Pin=R1-2
Added Pin To Net: NetName=+5 Pin=R2-2
Added Pin To Net: NetName=+5 Pin=R14-2
Added Pin To Net: NetName=+5 Pin=R15-2
Added Pin To Net: NetName=+5 Pin=R16-2
Added Pin To Net: NetName=+5 Pin=R17-2
Added Pin To Net: NetName=+5 Pin=R18-2
Added Pin To Net: NetName=+5 Pin=R19-2
Added Pin To Net: NetName=+5 Pin=R20-2
Added Pin To Net: NetName=+5 Pin=R21-2
Added Pin To Net: NetName=+5 Pin=R22-2
Added Pin To Net: NetName=+5 Pin=U1-3
Added Pin To Net: NetName=+5 Pin=U2-8
Added Pin To Net: NetName=+5 Pin=VR?-1
Added Net: Name=+5
Added Pin To Net: NetName=BUTTON 0 Pin=C0-1
Added Pin To Net: NetName=BUTTON 0 Pin=R0-1
Added Pin To Net: NetName=BUTTON 0 Pin=SW0-1
Added Pin To Net: NetName=BUTTON 0 Pin=SW0-4
Added Pin To Net: NetName=BUTTON 0 Pin=U1-13
Added Net: Name=BUTTON 0
Added Pin To Net: NetName=BUTTON 1 Pin=C`-1
Added Pin To Net: NetName=BUTTON 1 Pin=R1-1
Added Pin To Net: NetName=BUTTON 1 Pin=sw1-1
Added Pin To Net: NetName=BUTTON 1 Pin=sw1-4
Added Pin To Net: NetName=BUTTON 1 Pin=U1-14
Added Net: Name=BUTTON 1
Added Pin To Net: NetName=BUTTON 2 Pin=C2-1
Added Pin To Net: NetName=BUTTON 2 Pin=R2-1
Added Pin To Net: NetName=BUTTON 2 Pin=SW2-1
Added Pin To Net: NetName=BUTTON 2 Pin=SW2-4
Added Pin To Net: NetName=BUTTON 2 Pin=U1-15
Added Net: Name=BUTTON 2
Added Pin To Net: NetName=BUZZER_EN Pin=Q0-2
Added Pin To Net: NetName=BUZZER_EN Pin=SW?-3
Added Net: Name=BUZZER_EN
Added Pin To Net: NetName=BUZZER Pin=R3-1
Added Pin To Net: NetName=BUZZER Pin=U1-17
Added Net: Name=BUZZER
Added Pin To Net: NetName=EN0 Pin=R4-2
Added Pin To Net: NetName=EN0 Pin=U1-7
Added Net: Name=EN0
Added Pin To Net: NetName=EN1 Pin=R6-2
Added Pin To Net: NetName=EN1 Pin=U1-8
Added Net: Name=EN1
Added Pin To Net: NetName=EN2 Pin=R8-2
Added Pin To Net: NetName=EN2 Pin=U1-9
Added Net: Name=EN2
Added Pin To Net: NetName=EN3 Pin=R10-2
Added Pin To Net: NetName=EN3 Pin=U1-10
Added Net: Name=EN3
Added Pin To Net: NetName=EN4 Pin=R12-2
Added Pin To Net: NetName=EN4 Pin=U1-11
Added Net: Name=EN4
Added Pin To Net: NetName=GND Pin=BT?-2
Added Pin To Net: NetName=GND Pin=C0-2
Added Pin To Net: NetName=GND Pin=C2-2
Added Pin To Net: NetName=GND Pin=C`-2
Added Pin To Net: NetName=GND Pin=LCD-16
Added Pin To Net: NetName=GND Pin=LED?-1
Added Pin To Net: NetName=GND Pin=Q?-2
Added Pin To Net: NetName=GND Pin=SW0-2
Added Pin To Net: NetName=GND Pin=SW0-3
Added Pin To Net: NetName=GND Pin=sw1-2
Added Pin To Net: NetName=GND Pin=sw1-3
Added Pin To Net: NetName=GND Pin=SW2-2
Added Pin To Net: NetName=GND Pin=SW2-3
Added Pin To Net: NetName=GND Pin=SW?-1
Added Pin To Net: NetName=GND Pin=SW?-2
Added Pin To Net: NetName=GND Pin=U1-4
Added Pin To Net: NetName=GND Pin=U1-5
Added Pin To Net: NetName=GND Pin=U1-27
Added Pin To Net: NetName=GND Pin=U2-4
Added Pin To Net: NetName=GND Pin=VR?-3
Added Net: Name=GND
Added Pin To Net: NetName=LED_EN Pin=LED0-1
Added Pin To Net: NetName=LED_EN Pin=LED1-1
Added Pin To Net: NetName=LED_EN Pin=LED3-1
Added Pin To Net: NetName=LED_EN Pin=LED4-1
Added Pin To Net: NetName=LED_EN Pin=LED5-1
Added Pin To Net: NetName=LED_EN Pin=SW?-4
Added Net: Name=LED_EN
Added Pin To Net: NetName=NetA4_1 Pin=A4-1
Added Pin To Net: NetName=NetA4_1 Pin=R10-1
Added Net: Name=NetA4_1
Added Pin To Net: NetName=NetBT?_1 Pin=BT?-1
Added Pin To Net: NetName=NetBT?_1 Pin=U2-3
Added Net: Name=NetBT?_1
Added Pin To Net: NetName=NetBUZ?_2 Pin=BUZ?-2
Added Pin To Net: NetName=NetBUZ?_2 Pin=D2-2
Added Pin To Net: NetName=NetBUZ?_2 Pin=Q0-3
Added Net: Name=NetBUZ?_2
Added Pin To Net: NetName=NetC?_1 Pin=C?-1
Added Pin To Net: NetName=NetC?_1 Pin=LCD-1
Added Pin To Net: NetName=NetC?_1 Pin=LCD-15
Added Pin To Net: NetName=NetC?_1 Pin=Q?-3
Added Net: Name=NetC?_1
Added Pin To Net: NetName=NetLCD_3 Pin=LCD-3
Added Pin To Net: NetName=NetLCD_3 Pin=VR?-2
Added Net: Name=NetLCD_3
Added Pin To Net: NetName=NetLCD_4 Pin=LCD-4
Added Net: Name=NetLCD_4
Added Pin To Net: NetName=NetLCD_5 Pin=LCD-5
Added Net: Name=NetLCD_5
Added Pin To Net: NetName=NetLCD_6 Pin=LCD-6
Added Net: Name=NetLCD_6
Added Pin To Net: NetName=NetLCD_11 Pin=LCD-11
Added Net: Name=NetLCD_11
Added Pin To Net: NetName=NetLCD_12 Pin=LCD-12
Added Net: Name=NetLCD_12
Added Pin To Net: NetName=NetLCD_13 Pin=LCD-13
Added Net: Name=NetLCD_13
Added Pin To Net: NetName=NetLCD_14 Pin=LCD-14
Added Net: Name=NetLCD_14
Added Pin To Net: NetName=NetLED0_2 Pin=LED0-2
Added Pin To Net: NetName=NetLED0_2 Pin=R5-1
Added Net: Name=NetLED0_2
Added Pin To Net: NetName=NetLED1_2 Pin=LED1-2
Added Pin To Net: NetName=NetLED1_2 Pin=R7-1
Added Net: Name=NetLED1_2
Added Pin To Net: NetName=NetLED3_2 Pin=LED3-2
Added Pin To Net: NetName=NetLED3_2 Pin=R9-1
Added Net: Name=NetLED3_2
Added Pin To Net: NetName=NetLED4_2 Pin=LED4-2
Added Pin To Net: NetName=NetLED4_2 Pin=R11-1
Added Net: Name=NetLED4_2
Added Pin To Net: NetName=NetLED5_2 Pin=LED5-2
Added Pin To Net: NetName=NetLED5_2 Pin=R13-1
Added Net: Name=NetLED5_2
Added Pin To Net: NetName=NetLED?_2 Pin=LED?-2
Added Pin To Net: NetName=NetLED?_2 Pin=R14-1
Added Net: Name=NetLED?_2
Added Pin To Net: NetName=NetQ0_1 Pin=Q0-1
Added Pin To Net: NetName=NetQ0_1 Pin=R3-2
Added Net: Name=NetQ0_1
Added Pin To Net: NetName=NetQ1_1 Pin=Q1-1
Added Pin To Net: NetName=NetQ1_1 Pin=R4-1
Added Net: Name=NetQ1_1
Added Pin To Net: NetName=NetQ2_1 Pin=Q2-1
Added Pin To Net: NetName=NetQ2_1 Pin=R6-1
Added Net: Name=NetQ2_1
Added Pin To Net: NetName=NetQ3_1 Pin=Q3-1
Added Pin To Net: NetName=NetQ3_1 Pin=R8-1
Added Net: Name=NetQ3_1
Added Pin To Net: NetName=NetQ5_1 Pin=Q5-1
Added Pin To Net: NetName=NetQ5_1 Pin=R12-1
Added Net: Name=NetQ5_1
Added Pin To Net: NetName=NetQ?_1 Pin=Q?-1
Added Pin To Net: NetName=NetQ?_1 Pin=R18-1
Added Net: Name=NetQ?_1
Added Pin To Net: NetName=NetR15_1 Pin=R15-1
Added Net: Name=NetR15_1
Added Pin To Net: NetName=NetR16_1 Pin=R16-1
Added Net: Name=NetR16_1
Added Pin To Net: NetName=NetR17_1 Pin=R17-1
Added Net: Name=NetR17_1
Added Pin To Net: NetName=NetU2_1 Pin=U2-1
Added Pin To Net: NetName=NetU2_1 Pin=Y?-2
Added Net: Name=NetU2_1
Added Pin To Net: NetName=NetU2_2 Pin=U2-2
Added Pin To Net: NetName=NetU2_2 Pin=Y?-1
Added Net: Name=NetU2_2
Added Pin To Net: NetName=S0 Pin=D1-14
Added Pin To Net: NetName=S0 Pin=Q1-2
Added Pin To Net: NetName=S0 Pin=R5-2
Added Net: Name=S0
Added Pin To Net: NetName=S1 Pin=D1-11
Added Pin To Net: NetName=S1 Pin=Q2-2
Added Pin To Net: NetName=S1 Pin=R7-2
Added Net: Name=S1
Added Pin To Net: NetName=S2 Pin=D1-7
Added Pin To Net: NetName=S2 Pin=Q3-2
Added Pin To Net: NetName=S2 Pin=R9-2
Added Net: Name=S2
Added Pin To Net: NetName=S3 Pin=A4-2
Added Pin To Net: NetName=S3 Pin=D1-10
Added Pin To Net: NetName=S3 Pin=R11-2
Added Net: Name=S3
Added Pin To Net: NetName=S4 Pin=D1-6
Added Pin To Net: NetName=S4 Pin=Q5-2
Added Pin To Net: NetName=S4 Pin=R13-2
Added Net: Name=S4
Added Pin To Net: NetName=SCL Pin=R20-1
Added Pin To Net: NetName=SCL Pin=R21-1
Added Pin To Net: NetName=SCL Pin=U1-30
Added Pin To Net: NetName=SCL Pin=U2-6
Added Net: Name=SCL
Added Pin To Net: NetName=SDA Pin=R19-1
Added Pin To Net: NetName=SDA Pin=R22-1
Added Pin To Net: NetName=SDA Pin=U1-29
Added Pin To Net: NetName=SDA Pin=U2-5
Added Net: Name=SDA
Added Pin To Net: NetName=SEG0 Pin=D1-13
Added Pin To Net: NetName=SEG0 Pin=U1-18
Added Net: Name=SEG0
Added Pin To Net: NetName=SEG1 Pin=D1-9
Added Pin To Net: NetName=SEG1 Pin=U1-19
Added Net: Name=SEG1
Added Pin To Net: NetName=SEG2 Pin=D1-4
Added Pin To Net: NetName=SEG2 Pin=U1-20
Added Net: Name=SEG2
Added Pin To Net: NetName=SEG3 Pin=D1-2
Added Pin To Net: NetName=SEG3 Pin=U1-21
Added Net: Name=SEG3
Added Pin To Net: NetName=SEG4 Pin=D1-1
Added Pin To Net: NetName=SEG4 Pin=U1-22
Added Net: Name=SEG4
Added Pin To Net: NetName=SEG5 Pin=D1-12
Added Pin To Net: NetName=SEG5 Pin=U1-23
Added Pin To Net: NetName=SEG5 Pin=U1-24
Added Net: Name=SEG5
Added Pin To Net: NetName=SEG6 Pin=D1-5
Added Pin To Net: NetName=SEG6 Pin=U1-25
Added Net: Name=SEG6
Added Pin To Net: NetName=SEG_DOT Pin=D1-8
Added Pin To Net: NetName=SEG_DOT Pin=U1-26
Added Net: Name=SEG_DOT
Added Class: Name=Sheet1
Added Room: Name=Sheet1
