Removed Pin From Net: NetName=BUZZER Pin=U1-17
Removed Pin From Net: NetName=+5 Pin=VR-1
Removed Pin From Net: NetName=NetLCD_3 Pin=VR-2
Removed Pin From Net: NetName=GND Pin=VR-3
Removed Member From Class: ClassName=Sheet1 Member=VR
Change Component Footprint: Designator=BUZZER Old Footprint=Buzzer SMD New Footprint=BUZZER
Change Component Footprint: Designator=BT? Old Footprint=CON CR1220 New Footprint=CON CR2032
Change Component Footprint: Designator=Y1 Old Footprint=Crystal HC49S DIP New Footprint=Crystal HC49US SMD
Change Component Footprint: Designator=D2 Old Footprint=DO-214AB (SMC) New Footprint=SOD-80
Change Component Designator: OldDesignator=BT? NewDesignator=BT1
Change Component Designator: OldDesignator=C? NewDesignator=C3
Change Component Designator: OldDesignator=C` NewDesignator=C1
Change Component Designator: OldDesignator=Q? NewDesignator=Q1
Change Component Designator: OldDesignator=R14 NewDesignator=R4
Change Component Designator: OldDesignator=R15 NewDesignator=R5
Change Component Designator: OldDesignator=R16 NewDesignator=R7
Change Component Designator: OldDesignator=R17 NewDesignator=R8
Change Component Designator: OldDesignator=R18 NewDesignator=R9
Change Component Designator: OldDesignator=R19 NewDesignator=R10
Change Component Designator: OldDesignator=R20 NewDesignator=R11
Change Component Designator: OldDesignator=R21 NewDesignator=R12
Change Component Designator: OldDesignator=R22 NewDesignator=R13
Change Component Designator: OldDesignator=SW? NewDesignator=SW3
Added Component: Designator=P1(Header 3)
Added Component: Designator=R14(R 0805 (2012))
Add component (AddParameter): Name = "LatestRevisionDate"; Value = "17-Jul-2002"; VariantName = "[No Variations]"
Add component (AddParameter): Name = "LatestRevisionNote"; Value = "Re-released for DXP Platform."; VariantName = "[No Variations]"
Add component (AddParameter): Name = "PackageReference"; Value = "AXIAL-0.3"; VariantName = "[No Variations]"
Add component (AddParameter): Name = "Published"; Value = "8-Jun-2000"; VariantName = "[No Variations]"
Add component (AddParameter): Name = "Publisher"; Value = "Altium Limited"; VariantName = "[No Variations]"
Added Component: Designator=VR1(R Var 3mm)
Add component (AddParameter): Name = "BRAND"; Value = ""; VariantName = "[No Variations]"
Add component (AddParameter): Name = "PACKAGE"; Value = ""; VariantName = "[No Variations]"
Add component (AddParameter): Name = "PART NO"; Value = ""; VariantName = "[No Variations]"
Add component (AddParameter): Name = "STOCK CODE"; Value = ""; VariantName = "[No Variations]"
Add component (AddParameter): Name = "SUPPLIER"; Value = ""; VariantName = "[No Variations]"
Add component (AddParameter): Name = "TYPE"; Value = ""; VariantName = "[No Variations]"
Added Pin To Net: NetName=+5 Pin=P1-1
Added Pin To Net: NetName=GND Pin=P1-3
Added Pin To Net: NetName=+5 Pin=R14-1
Added Pin To Net: NetName=BUZZER Pin=U1-20
Added Pin To Net: NetName=+5 Pin=VR1-1
Added Pin To Net: NetName=NetLCD_3 Pin=VR1-2
Added Pin To Net: NetName=GND Pin=VR1-3
Change Net Name : Old Net Name=NetBT?_1 New Net Name=NetBT1_1
Change Net Name : Old Net Name=NetC?_1 New Net Name=NetC3_1
Change Net Name : Old Net Name=NetQ?_1 New Net Name=NetQ1_1
Change Net Name : Old Net Name=NetR15_1 New Net Name=NetR5_1
Change Net Name : Old Net Name=NetR16_1 New Net Name=NetR7_1
Change Net Name : Old Net Name=NetR17_1 New Net Name=NetR8_1
Added Pin To Net: NetName=DHT_INPUT Pin=P1-2
Added Pin To Net: NetName=DHT_INPUT Pin=R14-2
Added Pin To Net: NetName=DHT_INPUT Pin=U1-17
Added Net: Name=DHT_INPUT
Added Member To Class: ClassName=Sheet1 Member=Component P1 DHT
Added Member To Class: ClassName=Sheet1 Member=Component R14 4.7k
Added Member To Class: ClassName=Sheet1 Member=Component VR1 5k
